Using pre-set license
Built from '2020.3/staging' branch; Version is '2020.3.3f1 (76626098c1c4) revision 7758432'; Using compiler version '192528614'; Build Type 'Release'
OS: 'Windows 10 Education; OS build 18363.1440; Version 1909; 64bit' Language: 'ko' Physical Memory: 8147 MB
BatchMode: 1, IsHumanControllingUs: 0, StartBugReporterOnCrash: 0, Is64bit: 1, IsPro: 0

 COMMAND LINE ARGUMENTS:
C:\Program Files\Unity\Hub\Editor\2020.3.3f1\Editor\Unity.exe
-adb2
-batchMode
-noUpm
-name
AssetImportWorker1
-projectPath
D:/workplace/unity/Gyudoku
-logFile
Logs/AssetImportWorker1.log
-srvPort
52294
Successfully changed project path to: D:/workplace/unity/Gyudoku
D:/workplace/unity/Gyudoku
Using Asset Import Pipeline V2.
Refreshing native plugins compatible for Editor in 138.60 ms, found 1 plugins.
Preloading 0 native plugins for Editor in 0.00 ms.
Initialize engine version: 2020.3.3f1 (76626098c1c4)
[Subsystems] Discovering subsystems at path C:/Program Files/Unity/Hub/Editor/2020.3.3f1/Editor/Data/Resources/UnitySubsystems
[Subsystems] Discovering subsystems at path D:/workplace/unity/Gyudoku/Assets
GfxDevice: creating device client; threaded=0
Direct3D:
    Version:  Direct3D 11.0 [level 11.0]
    Renderer: NVIDIA GeForce GTX 750 Ti (ID=0x1380)
    Vendor:   
    VRAM:     2007 MB
    Driver:   27.21.14.5671
Initialize mono
Mono path[0] = 'C:/Program Files/Unity/Hub/Editor/2020.3.3f1/Editor/Data/Managed'
Mono path[1] = 'C:/Program Files/Unity/Hub/Editor/2020.3.3f1/Editor/Data/MonoBleedingEdge/lib/mono/unityjit'
Mono config path = 'C:/Program Files/Unity/Hub/Editor/2020.3.3f1/Editor/Data/MonoBleedingEdge/etc'
Using monoOptions --debugger-agent=transport=dt_socket,embedding=1,server=y,suspend=n,address=127.0.0.1:56528
Begin MonoManager ReloadAssembly
Registering precompiled unity dll's ...
Register platform support module: C:/Program Files/Unity/Hub/Editor/2020.3.3f1/Editor/Data/PlaybackEngines/WindowsStandaloneSupport/UnityEditor.WindowsStandalone.Extensions.dll
Registered in 0.010142 seconds.
Native extension for WindowsStandalone target not found
Refreshing native plugins compatible for Editor in 57.24 ms, found 1 plugins.
Preloading 0 native plugins for Editor in 0.00 ms.
Invoked RoslynAnalysisRunner static constructor.
RoslynAnalysisRunner will not be running.
RoslynAnalysisRunner has terminated.
Mono: successfully reloaded assembly
- Completed reload, in  4.373 seconds
Platform modules already initialized, skipping
Registering precompiled user dll's ...
Registered in 0.012695 seconds.
Begin MonoManager ReloadAssembly
Native extension for WindowsStandalone target not found
Refreshing native plugins compatible for Editor in 53.14 ms, found 1 plugins.
Preloading 0 native plugins for Editor in 0.00 ms.
Invoked RoslynAnalysisRunner static constructor.
RoslynAnalysisRunner will not be running.
RoslynAnalysisRunner has terminated.
Mono: successfully reloaded assembly
- Completed reload, in  2.227 seconds
Platform modules already initialized, skipping
========================================================================
Worker process is ready to serve import requests
Launched and connected shader compiler UnityShaderCompiler.exe after 0.13 seconds
Refreshing native plugins compatible for Editor in 0.35 ms, found 1 plugins.
Preloading 0 native plugins for Editor in 0.00 ms.
Unloading 1816 Unused Serialized files (Serialized files now loaded: 0)
System memory in use before: 85.0 MB.
System memory in use after: 85.1 MB.

Unloading 19 unused Assets to reduce memory usage. Loaded Objects now: 2265.
Total: 2.606200 ms (FindLiveObjects: 0.210800 ms CreateObjectMapping: 0.093200 ms MarkObjects: 2.156800 ms  DeleteObjects: 0.143500 ms)

========================================================================
Received Import Request.
  path: Assets/Script/MissingNumberMaker.cs
  artifactKey: Guid(b3d8146b5f1861e43ab34549d8a5ec99) Importer(815301076,1909f56bfc062723c751e8b465ee728b)
Start importing Assets/Script/MissingNumberMaker.cs using Guid(b3d8146b5f1861e43ab34549d8a5ec99) Importer(815301076,1909f56bfc062723c751e8b465ee728b)  -> (artifact id: '65da19fdfda09b7f590722c5effbb6e7') in 0.091634 seconds
  Import took 0.110837 seconds .

========================================================================
Received Import Request.
  Time since last request: 562.455666 seconds.
  path: Assets/Script/MissingNumberMaker.cs
  artifactKey: Guid(b3d8146b5f1861e43ab34549d8a5ec99) Importer(815301076,1909f56bfc062723c751e8b465ee728b)
Start importing Assets/Script/MissingNumberMaker.cs using Guid(b3d8146b5f1861e43ab34549d8a5ec99) Importer(815301076,1909f56bfc062723c751e8b465ee728b)  -> (artifact id: 'dc348117b599526899b17ec79f5d4cb3') in 0.029278 seconds
  Import took 0.046789 seconds .

========================================================================
Received Import Request.
  Time since last request: 365.653189 seconds.
  path: Assets/Script/MissingNumberMaker.cs
  artifactKey: Guid(b3d8146b5f1861e43ab34549d8a5ec99) Importer(815301076,1909f56bfc062723c751e8b465ee728b)
Start importing Assets/Script/MissingNumberMaker.cs using Guid(b3d8146b5f1861e43ab34549d8a5ec99) Importer(815301076,1909f56bfc062723c751e8b465ee728b)  -> (artifact id: 'bea6d1f6615569fca2cb1eaeb3870cf2') in 0.020841 seconds
  Import took 0.051172 seconds .

========================================================================
Received Import Request.
  Time since last request: 6.392262 seconds.
  path: Assets/Script/MissingNumberMaker.cs
  artifactKey: Guid(b3d8146b5f1861e43ab34549d8a5ec99) Importer(815301076,1909f56bfc062723c751e8b465ee728b)
Start importing Assets/Script/MissingNumberMaker.cs using Guid(b3d8146b5f1861e43ab34549d8a5ec99) Importer(815301076,1909f56bfc062723c751e8b465ee728b)  -> (artifact id: 'ea86fb357634f45b4c3c20767ddd3f9d') in 0.011475 seconds
  Import took 0.034426 seconds .

========================================================================
Received Import Request.
  Time since last request: 61.512564 seconds.
  path: Assets/Script/MissingNumberMaker.cs
  artifactKey: Guid(b3d8146b5f1861e43ab34549d8a5ec99) Importer(815301076,1909f56bfc062723c751e8b465ee728b)
Start importing Assets/Script/MissingNumberMaker.cs using Guid(b3d8146b5f1861e43ab34549d8a5ec99) Importer(815301076,1909f56bfc062723c751e8b465ee728b)  -> (artifact id: '36422e1c4f64bef882dd9d1c27271ffe') in 0.018898 seconds
  Import took 0.035710 seconds .

